20250320 12:23:18 - INFO - [ujV7iczMjhf8z4hrAAAC]-1.Translate time : 0:00:00.413510
20250320 12:23:18 - INFO - User input: Improving public health systems and international cooperation during the pandemic.
20250320 12:23:19 - INFO - Cypher query: MATCH (a:Social)-[:Reference]->(b:Paper) WHERE a.entity = 'public health' RETURN b.uid
20250320 12:23:19 - INFO - [ujV7iczMjhf8z4hrAAAC]-2.cypher agent time : 0:00:00.656440
20250320 12:23:19 - INFO - [ujV7iczMjhf8z4hrAAAC]-2_e.graph search time : 0:00:00.199431
20250320 12:23:24 - INFO - [ujV7iczMjhf8z4hrAAAC]-2_2.vector search time : 0:00:04.597041
20250320 12:23:25 - INFO - [ujV7iczMjhf8z4hrAAAC]-3.time to first token time : 0:00:06.856632
20250320 12:24:34 - INFO - [w8-tD4hxbfHG64-UAAAF]-1.Translate time : 0:00:00.496749
20250320 12:24:34 - INFO - User input: What strategy exists to balance renewable energy and existing energy to ensure stable power supplies?
20250320 12:24:35 - INFO - Cypher query: MATCH (a:Social {entity: 'renewable energy'})-[:Cause]->(b:Social), (b)-[:Cause]->(c:Social {entity: 'existing energy'})<-[:Solve]-(d:Solution)-[:Reference]->(e:Paper) RETURN a.entity, e.uid
20250320 12:24:35 - INFO - [w8-tD4hxbfHG64-UAAAF]-2.cypher agent time : 0:00:01.598278
20250320 12:24:35 - INFO - [w8-tD4hxbfHG64-UAAAF]-2_e.graph search time : 0:00:00.112379
20250320 12:24:44 - INFO - [w8-tD4hxbfHG64-UAAAF]-2_2.vector search time : 0:00:08.763077
20250320 12:24:45 - INFO - [w8-tD4hxbfHG64-UAAAF]-3.time to first token time : 0:00:11.733371
20250320 12:25:06 - INFO - [AG_QzgjlkueCpSaTAAAI]-1.Translate time : 0:00:00.510158
20250320 12:25:06 - INFO - User input: What are the plans for improving the drainage system in response to urban flooding caused by concentrated rain?
20250320 12:25:07 - INFO - Cypher query: MATCH (a:Social {entity: 'urban flooding caused by concentrated rain'})<-[:Cause]-(:Social)-[:Reference]->(p:Paper), (s:Solution)<-[:Solve]-(a)-[:Reference]->(p2:Paper) RETURN a.entity, p2.uid
20250320 12:25:07 - INFO - [AG_QzgjlkueCpSaTAAAI]-2.cypher agent time : 0:00:01.379817
20250320 12:25:07 - INFO - [AG_QzgjlkueCpSaTAAAI]-2_e.graph search time : 0:00:00.113438
20250320 12:25:09 - INFO - [AG_QzgjlkueCpSaTAAAI]-2_2.vector search time : 0:00:01.768328
20250320 12:25:10 - INFO - [AG_QzgjlkueCpSaTAAAI]-3.time to first token time : 0:00:04.461178
20250320 12:25:30 - INFO - [pZjRiADC74eeDMG0AAAL]-1.Translate time : 0:00:00.702984
20250320 12:25:30 - INFO - User input: What strategies can be employed to achieve a balance between public transportation and private automobile use to solve the traffic congestion problem in large cities?
20250320 12:25:31 - INFO - Cypher query: MATCH p=(a:Social {entity: 'traffic congestion in large cities'})-[*2..2]-(:Solution)-[:Reference]->(c:Paper) RETURN a.entity, c.uid
20250320 12:25:31 - INFO - [pZjRiADC74eeDMG0AAAL]-2.cypher agent time : 0:00:00.978004
20250320 12:25:31 - INFO - [pZjRiADC74eeDMG0AAAL]-2_e.graph search time : 0:00:00.121891
20250320 12:25:41 - INFO - [pZjRiADC74eeDMG0AAAL]-2_2.vector search time : 0:00:09.534182
20250320 12:25:41 - INFO - [pZjRiADC74eeDMG0AAAL]-3.time to first token time : 0:00:12.214223
20250320 12:27:31 - INFO - [SU5C6dR6pba7PtsBAAAO]-1.Translate time : 0:00:00.551040
20250320 12:27:31 - INFO - User input: Improvement schemes for drainage systems to solve the urban flooding problem caused by the concentration of rainfall?
20250320 12:27:33 - INFO - Cypher query: MATCH (a:Social {entity: "urban flooding"})-[:Cause]->(b:Social)-[:Solve]->(c:Solution)-[:Reference]->(d:Paper) RETURN a.entity, d.uid
20250320 12:27:33 - INFO - [SU5C6dR6pba7PtsBAAAO]-2.cypher agent time : 0:00:01.144553
20250320 12:27:33 - INFO - [SU5C6dR6pba7PtsBAAAO]-2_e.graph search time : 0:00:00.068577
20250320 12:27:34 - INFO - [SU5C6dR6pba7PtsBAAAO]-2_2.vector search time : 0:00:01.455259
20250320 12:27:35 - INFO - [SU5C6dR6pba7PtsBAAAO]-3.time to first token time : 0:00:04.228576
20250320 12:27:56 - INFO - [NmP-QEO_uQ2alGJzAAAR]-1.Translate time : 0:00:00.728645
20250320 12:27:56 - INFO - User input: What strategies can be developed to strike a balance between public transportation and private car use in order to effectively deal with traffic congestion in metropolitan areas?
20250320 12:28:02 - INFO - Cypher query: MATCH (a:Social {entity: 'traffic congestion in metropolitan areas'})-[:Reference]->(b:Paper)
OPTIONAL MATCH (a)<-[:Cause]-(c:Social)-[:Cause]->(d:Social {entity: 'Public Transportation'})
OPTIONAL MATCH (a)<-[:Cause]-(c:Social)-[:Cause]->(d:Social {entity: 'Private Car Use'})
OPTIONAL MATCH (a)-[:Cause]->(c:Social {entity: 'Public Transportation'})
OPTIONAL MATCH (a)-[:Cause]->(c:Social {entity: 'Private Car Use'})
OPTIONAL MATCH (a)<-[:Solve]-(e:Solution)-[:Reference]->(f:Paper)
OPTIONAL MATCH (a)<-[:Solve]-(e:Solution)-[:Cause]->(d:Social {entity: 'Public Transportation'})
OPTIONAL MATCH (a)<-[:Solve]-(e:Solution)-[:Cause]->(d:Social {entity: 'Private Car Use'})
OPTIONAL MATCH (a)-[:Solve]->(e:Solution)-[:Cause]->(d:Social {entity: 'Public Transportation'})
OPTIONAL MATCH (a)-[:Solve]->(e:Solution)-[:Cause]->(d:Social {entity: 'Private Car Use'})
RETURN d, f
20250320 12:28:02 - INFO - [NmP-QEO_uQ2alGJzAAAR]-2.cypher agent time : 0:00:05.656112
20250320 12:28:03 - INFO - [NmP-QEO_uQ2alGJzAAAR]-2_e.graph search time : 0:00:00.818442
20250320 12:28:04 - INFO - [NmP-QEO_uQ2alGJzAAAR]-2_2.vector search time : 0:00:00.975254
20250320 12:28:04 - INFO - [NmP-QEO_uQ2alGJzAAAR]-3.time to first token time : 0:00:08.762398
20250320 12:53:30 - INFO - [abDnFFl_ULTaEQy5AAAU]-1.Translate time : 0:00:00.437909
20250320 12:53:30 - INFO - User input: Solutions for urban flooding prevention through a flood-control system improvement plan.
20250320 12:53:32 - INFO - Cypher query: MATCH (a:Social {entity: 'urban flooding'})<-[:Cause]-(b:Social)-[:Reference]->(c:Paper) WHERE b<-[:Solve]-(d:Solution)-[:Reference]->(c:Paper) RETURN a.entity, d.entity, c.uid
20250320 12:53:32 - INFO - [abDnFFl_ULTaEQy5AAAU]-2.cypher agent time : 0:00:01.482179
20250320 12:53:32 - INFO - [abDnFFl_ULTaEQy5AAAU]-2_e.graph search time : 0:00:00.006649
20250320 12:53:33 - INFO - [abDnFFl_ULTaEQy5AAAU]-2_2.vector search time : 0:00:01.547005
20250320 12:53:34 - INFO - [abDnFFl_ULTaEQy5AAAU]-3.time to first token time : 0:00:04.290908
20250320 12:55:16 - INFO - [0Thji6T-GZ5MAkcTAAAX]-1.Translate time : 0:00:00.592878
20250320 12:55:16 - INFO - User input: How can you balance public transportation and private car use to solve the traffic congestion problems of megacities?
20250320 12:55:17 - INFO - Cypher query: MATCH (a:Social)<-[:Cause|Solve]-(b:Social)-[:Reference]->(c:Paper) 
WHERE a.entity = 'traffic congestion of megacities' RETURN a.entity, c.uid
20250320 12:55:17 - INFO - [0Thji6T-GZ5MAkcTAAAX]-2.cypher agent time : 0:00:01.153427
20250320 12:55:17 - INFO - [0Thji6T-GZ5MAkcTAAAX]-2_e.graph search time : 0:00:00.055843
20250320 12:55:18 - INFO - [0Thji6T-GZ5MAkcTAAAX]-2_2.vector search time : 0:00:00.785470
20250320 12:55:19 - INFO - [0Thji6T-GZ5MAkcTAAAX]-3.time to first token time : 0:00:03.274652
20250320 12:56:17 - INFO - [Y4Lxhk0vIIulh6toAAAa]-1.Translate time : 0:00:00.780808
20250320 12:56:17 - INFO - User input: Policies for demographic change include immigration programs to bring in younger workers, gay marriage allowing older citizens to adopt children the way most younger people have families.
20250320 12:56:18 - INFO - Cypher query: MATCH (a:Social {entity: 'demographic change'})<-[:Cause]-(b:Social)-[:Reference]->(c:Paper) RETURN a.entity, c.uid
20250320 12:56:18 - INFO - [Y4Lxhk0vIIulh6toAAAa]-2.cypher agent time : 0:00:00.926653
20250320 12:56:25 - INFO - [Y4Lxhk0vIIulh6toAAAa]-2_2.vector search time : 0:00:07.578509
20250320 12:56:26 - INFO - [Y4Lxhk0vIIulh6toAAAa]-3.time to first token time : 0:00:09.911470
20250320 12:57:27 - INFO - [n34GIXq3ufdLAiEaAAAd]-1.Translate time : 0:00:01.270810
20250320 12:57:27 - INFO - User input: COVID-19 pandemic and has emphasized that Koreans, in particular, are in a critical "third threshold" due to their exceptionally low birthrate, which may have been caused by various factors including social isolation and disconnection from life cycles during the self-quarantine era.
20250320 12:57:28 - INFO - Cypher query: MATCH (a:Social {entity: 'COVID-19 pandemic'})-[:Cause]->(b:Social)-[:Reference]->(c:Paper)
RETURN a.entity, c.uid
20250320 12:57:28 - INFO - [n34GIXq3ufdLAiEaAAAd]-2.cypher agent time : 0:00:00.955746
20250320 12:57:28 - INFO - [n34GIXq3ufdLAiEaAAAd]-2_e.graph search time : 0:00:00.048990
20250320 12:57:35 - INFO - [n34GIXq3ufdLAiEaAAAd]-2_2.vector search time : 0:00:07.521120
20250320 12:57:36 - INFO - [n34GIXq3ufdLAiEaAAAd]-3.time to first token time : 0:00:10.668649
20250320 13:47:33 - INFO - [Z9e9TsILgcgb1rbNAAAg]-1.Translate time : 0:00:00.605917
20250320 13:47:33 - INFO - User input: What are some viable improvement options for a drainage system to address the urban flooding issues caused by heavy downpour?
20250320 13:47:35 - INFO - Cypher query: MATCH (a:Social)-[:Cause]->(b:Social)<-[:Reference]->(c:Paper), (a:Social)<-[:Cause]->(c:Paper)
WHERE c.uid = 'heavy downpour' RETURN b.entity, c.uid
20250320 13:47:35 - INFO - [Z9e9TsILgcgb1rbNAAAg]-2.cypher agent time : 0:00:01.314643
20250320 13:47:35 - INFO - [Z9e9TsILgcgb1rbNAAAg]-2_e.graph search time : 0:00:00.084778
20250320 13:47:36 - INFO - [Z9e9TsILgcgb1rbNAAAg]-2_2.vector search time : 0:00:01.357072
20250320 13:47:37 - INFO - [Z9e9TsILgcgb1rbNAAAg]-3.time to first token time : 0:00:04.309270
20250320 14:46:00 - INFO - [b3nYF_LE1Sz-FYoKAAAj]-1.Translate time : 0:00:00.515272
20250320 14:46:00 - INFO - User input: Repair and improvement measures for a storm drainage system to prevent urban flooding caused by torrential rains.
20250320 14:46:01 - INFO - Cypher query: MATCH (a:Social)<-[:Cause]-(b:Social)-[:Reference]->(c:Paper) WHERE a.entity = 'urban flooding'
20250320 14:46:01 - INFO - [b3nYF_LE1Sz-FYoKAAAj]-2.cypher agent time : 0:00:00.879719
20250320 14:46:01 - INFO - [b3nYF_LE1Sz-FYoKAAAj]-2_e.graph search time : 0:00:00.005363
20250320 14:46:03 - INFO - [b3nYF_LE1Sz-FYoKAAAj]-2_2.vector search time : 0:00:01.976548
20250320 14:46:03 - INFO - [b3nYF_LE1Sz-FYoKAAAj]-3.time to first token time : 0:00:03.956604
20250321 23:47:51 - INFO - [M9IxQduZAi7vWbn0AAAr]-1.Translate time : 0:00:00.468581
20250321 23:47:51 - INFO - User input: What are solutions for improving public healthcare systems and international cooperation during a pandemic situation?
20250321 23:50:11 - INFO - [m9l4p6phl2LoLCrAAAAu]-1.Translate time : 0:00:00.469456
20250321 23:50:11 - INFO - User input: What are the ways to improve public healthcare systems during the pandemic and international cooperation strategies?
20250321 23:50:13 - INFO - Cypher query: MATCH (a:Social {entity: 'public healthcare system (during pandemic)'})-[:Cause]->(:Social)-[:Reference]->(p:Paper) WHERE (p)<-[:Cause]->(:Social {entity: 'international cooperation strategies'}) WITH a, collect(DISTINCT p) as papers RETURN a.entity, papers
20250321 23:50:13 - INFO - [m9l4p6phl2LoLCrAAAAu]-2.cypher agent time : 0:00:01.672176
20250321 23:50:13 - INFO - [m9l4p6phl2LoLCrAAAAu]-2_e.graph search time : 0:00:00.143400
20250321 23:50:14 - INFO - [m9l4p6phl2LoLCrAAAAu]-2_2.vector search time : 0:00:00.521977
20250321 23:50:14 - INFO - [m9l4p6phl2LoLCrAAAAu]-3.time to first token time : 0:00:03.452040
